d:\projects\windows driver kit (wdk) 8.1 samples\ndis 6.0 filter driver\c++\win7release\package\netlwf.cat
d:\projects\ndis 6.0 filter driver\c++\win7release\package\netlwf.cat
d:\projects\ndis 6.0 filter driver\c++\package\win7release\inf2cat-expand.108.read.1.tlog
d:\projects\ndis 6.0 filter driver\c++\package\win7release\inf2cat-expand.108.write.1.tlog
d:\projects\ndis 6.0 filter driver\c++\package\win7release\inf2cat-expand.1284.read.1.tlog
d:\projects\ndis 6.0 filter driver\c++\package\win7release\inf2cat-expand.1284.write.1.tlog
d:\projects\ndis 6.0 filter driver\c++\package\win7release\inf2cat-expand.1308.read.1.tlog
d:\projects\ndis 6.0 filter driver\c++\package\win7release\inf2cat-expand.1308.write.1.tlog
d:\projects\ndis 6.0 filter driver\c++\package\win7release\inf2cat-expand.1444.read.1.tlog
d:\projects\ndis 6.0 filter driver\c++\package\win7release\inf2cat-expand.1444.write.1.tlog
d:\projects\ndis 6.0 filter driver\c++\package\win7release\inf2cat-expand.1572.read.1.tlog
d:\projects\ndis 6.0 filter driver\c++\package\win7release\inf2cat-expand.1572.write.1.tlog
d:\projects\ndis 6.0 filter driver\c++\package\win7release\inf2cat-expand.1748.read.1.tlog
d:\projects\ndis 6.0 filter driver\c++\package\win7release\inf2cat-expand.1748.write.1.tlog
d:\projects\ndis 6.0 filter driver\c++\package\win7release\inf2cat-expand.1768.read.1.tlog
d:\projects\ndis 6.0 filter driver\c++\package\win7release\inf2cat-expand.1768.write.1.tlog
d:\projects\ndis 6.0 filter driver\c++\package\win7release\inf2cat-expand.1788.read.1.tlog
d:\projects\ndis 6.0 filter driver\c++\package\win7release\inf2cat-expand.1788.write.1.tlog
d:\projects\ndis 6.0 filter driver\c++\package\win7release\inf2cat-expand.1880.read.1.tlog
d:\projects\ndis 6.0 filter driver\c++\package\win7release\inf2cat-expand.1880.write.1.tlog
d:\projects\ndis 6.0 filter driver\c++\package\win7release\inf2cat-expand.1892.read.1.tlog
d:\projects\ndis 6.0 filter driver\c++\package\win7release\inf2cat-expand.1892.write.1.tlog
d:\projects\ndis 6.0 filter driver\c++\package\win7release\inf2cat-expand.1932.read.1.tlog
d:\projects\ndis 6.0 filter driver\c++\package\win7release\inf2cat-expand.1932.write.1.tlog
d:\projects\ndis 6.0 filter driver\c++\package\win7release\inf2cat-expand.1980.read.1.tlog
d:\projects\ndis 6.0 filter driver\c++\package\win7release\inf2cat-expand.1980.write.1.tlog
d:\projects\ndis 6.0 filter driver\c++\package\win7release\inf2cat-expand.2008.read.1.tlog
d:\projects\ndis 6.0 filter driver\c++\package\win7release\inf2cat-expand.2008.write.1.tlog
d:\projects\ndis 6.0 filter driver\c++\package\win7release\inf2cat-expand.2092.read.1.tlog
d:\projects\ndis 6.0 filter driver\c++\package\win7release\inf2cat-expand.2092.write.1.tlog
d:\projects\ndis 6.0 filter driver\c++\package\win7release\inf2cat-expand.2120.read.1.tlog
d:\projects\ndis 6.0 filter driver\c++\package\win7release\inf2cat-expand.2120.write.1.tlog
d:\projects\ndis 6.0 filter driver\c++\package\win7release\inf2cat-expand.2148.read.1.tlog
d:\projects\ndis 6.0 filter driver\c++\package\win7release\inf2cat-expand.2148.write.1.tlog
d:\projects\ndis 6.0 filter driver\c++\package\win7release\inf2cat-expand.2216.read.1.tlog
d:\projects\ndis 6.0 filter driver\c++\package\win7release\inf2cat-expand.2216.write.1.tlog
d:\projects\ndis 6.0 filter driver\c++\package\win7release\inf2cat-expand.2300.read.1.tlog
d:\projects\ndis 6.0 filter driver\c++\package\win7release\inf2cat-expand.2300.write.1.tlog
d:\projects\ndis 6.0 filter driver\c++\package\win7release\inf2cat-expand.2376.read.1.tlog
d:\projects\ndis 6.0 filter driver\c++\package\win7release\inf2cat-expand.2376.write.1.tlog
d:\projects\ndis 6.0 filter driver\c++\package\win7release\inf2cat-expand.2380.read.1.tlog
d:\projects\ndis 6.0 filter driver\c++\package\win7release\inf2cat-expand.2380.write.1.tlog
d:\projects\ndis 6.0 filter driver\c++\package\win7release\inf2cat-expand.2596.read.1.tlog
d:\projects\ndis 6.0 filter driver\c++\package\win7release\inf2cat-expand.2596.write.1.tlog
d:\projects\ndis 6.0 filter driver\c++\package\win7release\inf2cat-expand.2676.read.1.tlog
d:\projects\ndis 6.0 filter driver\c++\package\win7release\inf2cat-expand.2676.write.1.tlog
d:\projects\ndis 6.0 filter driver\c++\package\win7release\inf2cat-expand.2684.read.1.tlog
d:\projects\ndis 6.0 filter driver\c++\package\win7release\inf2cat-expand.2684.write.1.tlog
d:\projects\ndis 6.0 filter driver\c++\package\win7release\inf2cat-expand.280.read.1.tlog
d:\projects\ndis 6.0 filter driver\c++\package\win7release\inf2cat-expand.280.write.1.tlog
d:\projects\ndis 6.0 filter driver\c++\package\win7release\inf2cat-expand.2936.read.1.tlog
d:\projects\ndis 6.0 filter driver\c++\package\win7release\inf2cat-expand.2936.write.1.tlog
d:\projects\ndis 6.0 filter driver\c++\package\win7release\inf2cat-expand.2948.read.1.tlog
d:\projects\ndis 6.0 filter driver\c++\package\win7release\inf2cat-expand.2948.write.1.tlog
d:\projects\ndis 6.0 filter driver\c++\package\win7release\inf2cat-expand.2964.read.1.tlog
d:\projects\ndis 6.0 filter driver\c++\package\win7release\inf2cat-expand.2964.write.1.tlog
d:\projects\ndis 6.0 filter driver\c++\package\win7release\inf2cat-expand.2968.read.1.tlog
d:\projects\ndis 6.0 filter driver\c++\package\win7release\inf2cat-expand.2968.write.1.tlog
d:\projects\ndis 6.0 filter driver\c++\package\win7release\inf2cat-expand.3100.read.1.tlog
d:\projects\ndis 6.0 filter driver\c++\package\win7release\inf2cat-expand.3100.write.1.tlog
d:\projects\ndis 6.0 filter driver\c++\package\win7release\inf2cat-expand.3104.read.1.tlog
d:\projects\ndis 6.0 filter driver\c++\package\win7release\inf2cat-expand.3104.write.1.tlog
d:\projects\ndis 6.0 filter driver\c++\package\win7release\inf2cat-expand.3176.read.1.tlog
d:\projects\ndis 6.0 filter driver\c++\package\win7release\inf2cat-expand.3176.write.1.tlog
d:\projects\ndis 6.0 filter driver\c++\package\win7release\inf2cat-expand.3184.read.1.tlog
d:\projects\ndis 6.0 filter driver\c++\package\win7release\inf2cat-expand.3184.write.1.tlog
d:\projects\ndis 6.0 filter driver\c++\package\win7release\inf2cat-expand.3252.read.1.tlog
d:\projects\ndis 6.0 filter driver\c++\package\win7release\inf2cat-expand.3252.write.1.tlog
d:\projects\ndis 6.0 filter driver\c++\package\win7release\inf2cat-expand.3468.read.1.tlog
d:\projects\ndis 6.0 filter driver\c++\package\win7release\inf2cat-expand.3468.write.1.tlog
d:\projects\ndis 6.0 filter driver\c++\package\win7release\inf2cat-expand.3484.read.1.tlog
d:\projects\ndis 6.0 filter driver\c++\package\win7release\inf2cat-expand.3484.write.1.tlog
d:\projects\ndis 6.0 filter driver\c++\package\win7release\inf2cat-expand.3488.read.1.tlog
d:\projects\ndis 6.0 filter driver\c++\package\win7release\inf2cat-expand.3488.write.1.tlog
d:\projects\ndis 6.0 filter driver\c++\package\win7release\inf2cat-expand.3504.read.1.tlog
d:\projects\ndis 6.0 filter driver\c++\package\win7release\inf2cat-expand.3504.write.1.tlog
d:\projects\ndis 6.0 filter driver\c++\package\win7release\inf2cat-expand.3548.read.1.tlog
d:\projects\ndis 6.0 filter driver\c++\package\win7release\inf2cat-expand.3548.write.1.tlog
d:\projects\ndis 6.0 filter driver\c++\package\win7release\inf2cat-expand.3656.read.1.tlog
d:\projects\ndis 6.0 filter driver\c++\package\win7release\inf2cat-expand.3656.write.1.tlog
d:\projects\ndis 6.0 filter driver\c++\package\win7release\inf2cat-expand.3756.read.1.tlog
d:\projects\ndis 6.0 filter driver\c++\package\win7release\inf2cat-expand.3756.write.1.tlog
d:\projects\ndis 6.0 filter driver\c++\package\win7release\inf2cat-expand.3768.read.1.tlog
d:\projects\ndis 6.0 filter driver\c++\package\win7release\inf2cat-expand.3768.write.1.tlog
d:\projects\ndis 6.0 filter driver\c++\package\win7release\inf2cat-expand.3792.read.1.tlog
d:\projects\ndis 6.0 filter driver\c++\package\win7release\inf2cat-expand.3792.write.1.tlog
d:\projects\ndis 6.0 filter driver\c++\package\win7release\inf2cat-expand.3936.read.1.tlog
d:\projects\ndis 6.0 filter driver\c++\package\win7release\inf2cat-expand.3936.write.1.tlog
d:\projects\ndis 6.0 filter driver\c++\package\win7release\inf2cat-expand.408.read.1.tlog
d:\projects\ndis 6.0 filter driver\c++\package\win7release\inf2cat-expand.408.write.1.tlog
d:\projects\ndis 6.0 filter driver\c++\package\win7release\inf2cat-expand.4204.read.1.tlog
d:\projects\ndis 6.0 filter driver\c++\package\win7release\inf2cat-expand.4204.write.1.tlog
d:\projects\ndis 6.0 filter driver\c++\package\win7release\inf2cat-expand.4268.read.1.tlog
d:\projects\ndis 6.0 filter driver\c++\package\win7release\inf2cat-expand.4268.write.1.tlog
d:\projects\ndis 6.0 filter driver\c++\package\win7release\inf2cat-expand.4296.read.1.tlog
d:\projects\ndis 6.0 filter driver\c++\package\win7release\inf2cat-expand.4296.write.1.tlog
d:\projects\ndis 6.0 filter driver\c++\package\win7release\inf2cat-expand.4348.read.1.tlog
d:\projects\ndis 6.0 filter driver\c++\package\win7release\inf2cat-expand.4348.write.1.tlog
d:\projects\ndis 6.0 filter driver\c++\package\win7release\inf2cat-expand.4368.read.1.tlog
d:\projects\ndis 6.0 filter driver\c++\package\win7release\inf2cat-expand.4368.write.1.tlog
d:\projects\ndis 6.0 filter driver\c++\package\win7release\inf2cat-expand.4420.read.1.tlog
d:\projects\ndis 6.0 filter driver\c++\package\win7release\inf2cat-expand.4420.write.1.tlog
d:\projects\ndis 6.0 filter driver\c++\package\win7release\inf2cat-expand.4460.read.1.tlog
d:\projects\ndis 6.0 filter driver\c++\package\win7release\inf2cat-expand.4460.write.1.tlog
d:\projects\ndis 6.0 filter driver\c++\package\win7release\inf2cat-expand.4560.read.1.tlog
d:\projects\ndis 6.0 filter driver\c++\package\win7release\inf2cat-expand.4560.write.1.tlog
d:\projects\ndis 6.0 filter driver\c++\package\win7release\inf2cat-expand.4568.read.1.tlog
d:\projects\ndis 6.0 filter driver\c++\package\win7release\inf2cat-expand.4568.write.1.tlog
d:\projects\ndis 6.0 filter driver\c++\package\win7release\inf2cat-expand.4592.read.1.tlog
d:\projects\ndis 6.0 filter driver\c++\package\win7release\inf2cat-expand.4592.write.1.tlog
d:\projects\ndis 6.0 filter driver\c++\package\win7release\inf2cat-expand.4600.read.1.tlog
d:\projects\ndis 6.0 filter driver\c++\package\win7release\inf2cat-expand.4600.write.1.tlog
d:\projects\ndis 6.0 filter driver\c++\package\win7release\inf2cat-expand.4604.read.1.tlog
d:\projects\ndis 6.0 filter driver\c++\package\win7release\inf2cat-expand.4604.write.1.tlog
d:\projects\ndis 6.0 filter driver\c++\package\win7release\inf2cat-expand.4632.read.1.tlog
d:\projects\ndis 6.0 filter driver\c++\package\win7release\inf2cat-expand.4632.write.1.tlog
d:\projects\ndis 6.0 filter driver\c++\package\win7release\inf2cat-expand.4660.read.1.tlog
d:\projects\ndis 6.0 filter driver\c++\package\win7release\inf2cat-expand.4660.write.1.tlog
d:\projects\ndis 6.0 filter driver\c++\package\win7release\inf2cat-expand.4684.read.1.tlog
d:\projects\ndis 6.0 filter driver\c++\package\win7release\inf2cat-expand.4684.write.1.tlog
d:\projects\ndis 6.0 filter driver\c++\package\win7release\inf2cat-expand.4716.read.1.tlog
d:\projects\ndis 6.0 filter driver\c++\package\win7release\inf2cat-expand.4716.write.1.tlog
d:\projects\ndis 6.0 filter driver\c++\package\win7release\inf2cat-expand.4772.read.1.tlog
d:\projects\ndis 6.0 filter driver\c++\package\win7release\inf2cat-expand.4772.write.1.tlog
d:\projects\ndis 6.0 filter driver\c++\package\win7release\inf2cat-expand.4796.read.1.tlog
d:\projects\ndis 6.0 filter driver\c++\package\win7release\inf2cat-expand.4796.write.1.tlog
d:\projects\ndis 6.0 filter driver\c++\package\win7release\inf2cat-expand.4836.read.1.tlog
d:\projects\ndis 6.0 filter driver\c++\package\win7release\inf2cat-expand.4836.write.1.tlog
d:\projects\ndis 6.0 filter driver\c++\package\win7release\inf2cat-expand.4896.read.1.tlog
d:\projects\ndis 6.0 filter driver\c++\package\win7release\inf2cat-expand.4896.write.1.tlog
d:\projects\ndis 6.0 filter driver\c++\package\win7release\inf2cat-expand.4908.read.1.tlog
d:\projects\ndis 6.0 filter driver\c++\package\win7release\inf2cat-expand.4908.write.1.tlog
d:\projects\ndis 6.0 filter driver\c++\package\win7release\inf2cat-expand.4984.read.1.tlog
d:\projects\ndis 6.0 filter driver\c++\package\win7release\inf2cat-expand.4984.write.1.tlog
d:\projects\ndis 6.0 filter driver\c++\package\win7release\inf2cat-expand.4988.read.1.tlog
d:\projects\ndis 6.0 filter driver\c++\package\win7release\inf2cat-expand.4988.write.1.tlog
d:\projects\ndis 6.0 filter driver\c++\package\win7release\inf2cat-expand.5012.read.1.tlog
d:\projects\ndis 6.0 filter driver\c++\package\win7release\inf2cat-expand.5012.write.1.tlog
d:\projects\ndis 6.0 filter driver\c++\package\win7release\inf2cat-expand.5036.read.1.tlog
d:\projects\ndis 6.0 filter driver\c++\package\win7release\inf2cat-expand.5036.write.1.tlog
d:\projects\ndis 6.0 filter driver\c++\package\win7release\inf2cat-expand.5040.read.1.tlog
d:\projects\ndis 6.0 filter driver\c++\package\win7release\inf2cat-expand.5040.write.1.tlog
d:\projects\ndis 6.0 filter driver\c++\package\win7release\inf2cat-expand.5052.read.1.tlog
d:\projects\ndis 6.0 filter driver\c++\package\win7release\inf2cat-expand.5052.write.1.tlog
d:\projects\ndis 6.0 filter driver\c++\package\win7release\inf2cat-expand.5120.read.1.tlog
d:\projects\ndis 6.0 filter driver\c++\package\win7release\inf2cat-expand.5120.write.1.tlog
d:\projects\ndis 6.0 filter driver\c++\package\win7release\inf2cat-expand.5144.read.1.tlog
d:\projects\ndis 6.0 filter driver\c++\package\win7release\inf2cat-expand.5144.write.1.tlog
d:\projects\ndis 6.0 filter driver\c++\package\win7release\inf2cat-expand.5188.read.1.tlog
d:\projects\ndis 6.0 filter driver\c++\package\win7release\inf2cat-expand.5188.write.1.tlog
d:\projects\ndis 6.0 filter driver\c++\package\win7release\inf2cat-expand.5192.read.1.tlog
d:\projects\ndis 6.0 filter driver\c++\package\win7release\inf2cat-expand.5192.write.1.tlog
d:\projects\ndis 6.0 filter driver\c++\package\win7release\inf2cat-expand.5200.read.1.tlog
d:\projects\ndis 6.0 filter driver\c++\package\win7release\inf2cat-expand.5200.write.1.tlog
d:\projects\ndis 6.0 filter driver\c++\package\win7release\inf2cat-expand.5212.read.1.tlog
d:\projects\ndis 6.0 filter driver\c++\package\win7release\inf2cat-expand.5212.write.1.tlog
d:\projects\ndis 6.0 filter driver\c++\package\win7release\inf2cat-expand.5228.read.1.tlog
d:\projects\ndis 6.0 filter driver\c++\package\win7release\inf2cat-expand.5228.write.1.tlog
d:\projects\ndis 6.0 filter driver\c++\package\win7release\inf2cat-expand.5232.read.1.tlog
d:\projects\ndis 6.0 filter driver\c++\package\win7release\inf2cat-expand.5232.write.1.tlog
d:\projects\ndis 6.0 filter driver\c++\package\win7release\inf2cat-expand.5244.read.1.tlog
d:\projects\ndis 6.0 filter driver\c++\package\win7release\inf2cat-expand.5244.write.1.tlog
d:\projects\ndis 6.0 filter driver\c++\package\win7release\inf2cat-expand.5272.read.1.tlog
d:\projects\ndis 6.0 filter driver\c++\package\win7release\inf2cat-expand.5272.write.1.tlog
d:\projects\ndis 6.0 filter driver\c++\package\win7release\inf2cat-expand.5380.read.1.tlog
d:\projects\ndis 6.0 filter driver\c++\package\win7release\inf2cat-expand.5380.write.1.tlog
d:\projects\ndis 6.0 filter driver\c++\package\win7release\inf2cat-expand.5440.read.1.tlog
d:\projects\ndis 6.0 filter driver\c++\package\win7release\inf2cat-expand.5440.write.1.tlog
d:\projects\ndis 6.0 filter driver\c++\package\win7release\inf2cat-expand.5488.read.1.tlog
d:\projects\ndis 6.0 filter driver\c++\package\win7release\inf2cat-expand.5488.write.1.tlog
d:\projects\ndis 6.0 filter driver\c++\package\win7release\inf2cat-expand.5508.read.1.tlog
d:\projects\ndis 6.0 filter driver\c++\package\win7release\inf2cat-expand.5508.write.1.tlog
d:\projects\ndis 6.0 filter driver\c++\package\win7release\inf2cat-expand.5536.read.1.tlog
d:\projects\ndis 6.0 filter driver\c++\package\win7release\inf2cat-expand.5536.write.1.tlog
d:\projects\ndis 6.0 filter driver\c++\package\win7release\inf2cat-expand.5544.read.1.tlog
d:\projects\ndis 6.0 filter driver\c++\package\win7release\inf2cat-expand.5544.write.1.tlog
d:\projects\ndis 6.0 filter driver\c++\package\win7release\inf2cat-expand.5556.read.1.tlog
d:\projects\ndis 6.0 filter driver\c++\package\win7release\inf2cat-expand.5556.write.1.tlog
d:\projects\ndis 6.0 filter driver\c++\package\win7release\inf2cat-expand.5592.read.1.tlog
d:\projects\ndis 6.0 filter driver\c++\package\win7release\inf2cat-expand.5592.write.1.tlog
d:\projects\ndis 6.0 filter driver\c++\package\win7release\inf2cat-expand.5616.read.1.tlog
d:\projects\ndis 6.0 filter driver\c++\package\win7release\inf2cat-expand.5616.write.1.tlog
d:\projects\ndis 6.0 filter driver\c++\package\win7release\inf2cat-expand.5632.read.1.tlog
d:\projects\ndis 6.0 filter driver\c++\package\win7release\inf2cat-expand.5632.write.1.tlog
d:\projects\ndis 6.0 filter driver\c++\package\win7release\inf2cat-expand.5644.read.1.tlog
d:\projects\ndis 6.0 filter driver\c++\package\win7release\inf2cat-expand.5644.write.1.tlog
d:\projects\ndis 6.0 filter driver\c++\package\win7release\inf2cat-expand.5708.read.1.tlog
d:\projects\ndis 6.0 filter driver\c++\package\win7release\inf2cat-expand.5708.write.1.tlog
d:\projects\ndis 6.0 filter driver\c++\package\win7release\inf2cat-expand.5732.read.1.tlog
d:\projects\ndis 6.0 filter driver\c++\package\win7release\inf2cat-expand.5732.write.1.tlog
d:\projects\ndis 6.0 filter driver\c++\package\win7release\inf2cat-expand.5736.read.1.tlog
d:\projects\ndis 6.0 filter driver\c++\package\win7release\inf2cat-expand.5736.write.1.tlog
d:\projects\ndis 6.0 filter driver\c++\package\win7release\inf2cat-expand.5772.read.1.tlog
d:\projects\ndis 6.0 filter driver\c++\package\win7release\inf2cat-expand.5772.write.1.tlog
d:\projects\ndis 6.0 filter driver\c++\package\win7release\inf2cat-expand.5832.read.1.tlog
d:\projects\ndis 6.0 filter driver\c++\package\win7release\inf2cat-expand.5832.write.1.tlog
d:\projects\ndis 6.0 filter driver\c++\package\win7release\inf2cat-expand.5856.read.1.tlog
d:\projects\ndis 6.0 filter driver\c++\package\win7release\inf2cat-expand.5856.write.1.tlog
d:\projects\ndis 6.0 filter driver\c++\package\win7release\inf2cat-expand.5912.read.1.tlog
d:\projects\ndis 6.0 filter driver\c++\package\win7release\inf2cat-expand.5912.write.1.tlog
d:\projects\ndis 6.0 filter driver\c++\package\win7release\inf2cat-expand.5940.read.1.tlog
d:\projects\ndis 6.0 filter driver\c++\package\win7release\inf2cat-expand.5940.write.1.tlog
d:\projects\ndis 6.0 filter driver\c++\package\win7release\inf2cat-expand.5964.read.1.tlog
d:\projects\ndis 6.0 filter driver\c++\package\win7release\inf2cat-expand.5964.write.1.tlog
d:\projects\ndis 6.0 filter driver\c++\package\win7release\inf2cat-expand.5972.read.1.tlog
d:\projects\ndis 6.0 filter driver\c++\package\win7release\inf2cat-expand.5972.write.1.tlog
d:\projects\ndis 6.0 filter driver\c++\package\win7release\inf2cat-expand.6012.read.1.tlog
d:\projects\ndis 6.0 filter driver\c++\package\win7release\inf2cat-expand.6012.write.1.tlog
d:\projects\ndis 6.0 filter driver\c++\package\win7release\inf2cat-expand.6044.read.1.tlog
d:\projects\ndis 6.0 filter driver\c++\package\win7release\inf2cat-expand.6044.write.1.tlog
d:\projects\ndis 6.0 filter driver\c++\package\win7release\inf2cat-expand.6112.read.1.tlog
d:\projects\ndis 6.0 filter driver\c++\package\win7release\inf2cat-expand.6112.write.1.tlog
d:\projects\ndis 6.0 filter driver\c++\package\win7release\inf2cat-expand.6140.read.1.tlog
d:\projects\ndis 6.0 filter driver\c++\package\win7release\inf2cat-expand.6140.write.1.tlog
d:\projects\ndis 6.0 filter driver\c++\package\win7release\inf2cat-expand.6192.read.1.tlog
d:\projects\ndis 6.0 filter driver\c++\package\win7release\inf2cat-expand.6192.write.1.tlog
d:\projects\ndis 6.0 filter driver\c++\package\win7release\inf2cat-expand.6208.read.1.tlog
d:\projects\ndis 6.0 filter driver\c++\package\win7release\inf2cat-expand.6208.write.1.tlog
d:\projects\ndis 6.0 filter driver\c++\package\win7release\inf2cat-expand.6212.read.1.tlog
d:\projects\ndis 6.0 filter driver\c++\package\win7release\inf2cat-expand.6212.write.1.tlog
d:\projects\ndis 6.0 filter driver\c++\package\win7release\inf2cat-expand.6500.read.1.tlog
d:\projects\ndis 6.0 filter driver\c++\package\win7release\inf2cat-expand.6500.write.1.tlog
d:\projects\ndis 6.0 filter driver\c++\package\win7release\inf2cat-expand.6532.read.1.tlog
d:\projects\ndis 6.0 filter driver\c++\package\win7release\inf2cat-expand.6532.write.1.tlog
d:\projects\ndis 6.0 filter driver\c++\package\win7release\inf2cat-expand.6680.read.1.tlog
d:\projects\ndis 6.0 filter driver\c++\package\win7release\inf2cat-expand.6680.write.1.tlog
d:\projects\ndis 6.0 filter driver\c++\package\win7release\inf2cat-expand.6708.read.1.tlog
d:\projects\ndis 6.0 filter driver\c++\package\win7release\inf2cat-expand.6708.write.1.tlog
d:\projects\ndis 6.0 filter driver\c++\package\win7release\inf2cat-expand.6816.read.1.tlog
d:\projects\ndis 6.0 filter driver\c++\package\win7release\inf2cat-expand.6816.write.1.tlog
d:\projects\ndis 6.0 filter driver\c++\package\win7release\inf2cat-expand.6868.read.1.tlog
d:\projects\ndis 6.0 filter driver\c++\package\win7release\inf2cat-expand.6868.write.1.tlog
d:\projects\ndis 6.0 filter driver\c++\package\win7release\inf2cat-expand.6900.read.1.tlog
d:\projects\ndis 6.0 filter driver\c++\package\win7release\inf2cat-expand.6900.write.1.tlog
d:\projects\ndis 6.0 filter driver\c++\package\win7release\inf2cat-expand.7272.read.1.tlog
d:\projects\ndis 6.0 filter driver\c++\package\win7release\inf2cat-expand.7272.write.1.tlog
d:\projects\ndis 6.0 filter driver\c++\package\win7release\inf2cat-expand.7384.read.1.tlog
d:\projects\ndis 6.0 filter driver\c++\package\win7release\inf2cat-expand.7384.write.1.tlog
d:\projects\ndis 6.0 filter driver\c++\package\win7release\inf2cat-expand.7548.read.1.tlog
d:\projects\ndis 6.0 filter driver\c++\package\win7release\inf2cat-expand.7548.write.1.tlog
d:\projects\ndis 6.0 filter driver\c++\package\win7release\inf2cat-expand.7600.read.1.tlog
d:\projects\ndis 6.0 filter driver\c++\package\win7release\inf2cat-expand.7600.write.1.tlog
d:\projects\ndis 6.0 filter driver\c++\package\win7release\inf2cat-expand.7632.read.1.tlog
d:\projects\ndis 6.0 filter driver\c++\package\win7release\inf2cat-expand.7632.write.1.tlog
d:\projects\ndis 6.0 filter driver\c++\package\win7release\inf2cat-expand.7644.read.1.tlog
d:\projects\ndis 6.0 filter driver\c++\package\win7release\inf2cat-expand.7644.write.1.tlog
d:\projects\ndis 6.0 filter driver\c++\package\win7release\inf2cat-expand.7664.read.1.tlog
d:\projects\ndis 6.0 filter driver\c++\package\win7release\inf2cat-expand.7664.write.1.tlog
d:\projects\ndis 6.0 filter driver\c++\package\win7release\inf2cat-expand.7716.read.1.tlog
d:\projects\ndis 6.0 filter driver\c++\package\win7release\inf2cat-expand.7716.write.1.tlog
d:\projects\ndis 6.0 filter driver\c++\package\win7release\inf2cat-expand.7788.read.1.tlog
d:\projects\ndis 6.0 filter driver\c++\package\win7release\inf2cat-expand.7788.write.1.tlog
d:\projects\ndis 6.0 filter driver\c++\package\win7release\inf2cat-expand.7840.read.1.tlog
d:\projects\ndis 6.0 filter driver\c++\package\win7release\inf2cat-expand.7840.write.1.tlog
d:\projects\ndis 6.0 filter driver\c++\package\win7release\inf2cat-expand.7980.read.1.tlog
d:\projects\ndis 6.0 filter driver\c++\package\win7release\inf2cat-expand.7980.write.1.tlog
d:\projects\ndis 6.0 filter driver\c++\package\win7release\inf2cat-expand.8120.read.1.tlog
d:\projects\ndis 6.0 filter driver\c++\package\win7release\inf2cat-expand.8120.write.1.tlog
d:\projects\ndis 6.0 filter driver\c++\package\win7release\inf2cat-expand.820.read.1.tlog
d:\projects\ndis 6.0 filter driver\c++\package\win7release\inf2cat-expand.820.write.1.tlog
d:\projects\ndis 6.0 filter driver\c++\package\win7release\inf2cat-expand.read.1.tlog
d:\projects\ndis 6.0 filter driver\c++\package\win7release\inf2cat-expand.write.1.tlog
d:\projects\ndis 6.0 filter driver\c++\package\win7release\inf2cat.command.1.tlog
d:\projects\ndis 6.0 filter driver\c++\package\win7release\inf2cat.read.1.tlog
d:\projects\ndis 6.0 filter driver\c++\package\win7release\inf2cat.write.1.tlog
