d:\projects\ndis 6.0 filter driver\c++\win7release\netlwf.inf
d:\projects\ndis 6.0 filter driver\c++\win7release\precomp.h.pch
d:\projects\ndis 6.0 filter driver\c++\win7release\vc120.pdb
d:\projects\ndis 6.0 filter driver\c++\win7release\precompsrc.obj
d:\projects\ndis 6.0 filter driver\c++\win7release\flt_dbg.obj
d:\projects\ndis 6.0 filter driver\c++\win7release\filter.obj
d:\projects\ndis 6.0 filter driver\c++\win7release\device.obj
d:\projects\ndis 6.0 filter driver\c++\win7release\iocontrol.obj
d:\projects\ndis 6.0 filter driver\c++\win7release\flowtable.obj
d:\projects\ndis 6.0 filter driver\c++\win7release\ndislwf.sys
d:\projects\ndis 6.0 filter driver\c++\win7release\ndislwf.pdb
d:\projects\ndis 6.0 filter driver\c++\win7release\filter.res
d:\projects\ndis 6.0 filter driver\c++\win7release\stampinf.command.1.tlog
d:\projects\ndis 6.0 filter driver\c++\win7release\stampinf.read.1.tlog
d:\projects\ndis 6.0 filter driver\c++\win7release\stampinf.write.1.tlog
d:\projects\ndis 6.0 filter driver\c++\win7release\ndislwf.tlog\cl.command.1.tlog
d:\projects\ndis 6.0 filter driver\c++\win7release\ndislwf.tlog\cl.read.1.tlog
d:\projects\ndis 6.0 filter driver\c++\win7release\ndislwf.tlog\cl.write.1.tlog
d:\projects\ndis 6.0 filter driver\c++\win7release\ndislwf.tlog\link.command.1.tlog
d:\projects\ndis 6.0 filter driver\c++\win7release\ndislwf.tlog\link.read.1.tlog
d:\projects\ndis 6.0 filter driver\c++\win7release\ndislwf.tlog\link.write.1.tlog
d:\projects\ndis 6.0 filter driver\c++\win7release\ndislwf.tlog\rc.command.1.tlog
d:\projects\ndis 6.0 filter driver\c++\win7release\ndislwf.tlog\rc.read.1.tlog
d:\projects\ndis 6.0 filter driver\c++\win7release\ndislwf.tlog\rc.write.1.tlog
