Build started 12/28/2013 1:29:04 AM.
     1>Project "D:\Projects\Windows Driver Kit (WDK) 8.1 Samples\NDIS 6.0 Filter Driver\C++\ndislwf.vcxproj" on node 2 (Build target(s)).
     1>StampInf:
         C:\Program Files\Windows Kits\8.1\bin\x86\stampinf.exe -d "*" -a "x86" -v "*" -k "1.11" -u "1.11.0" -f Win7Debug\netlwf.inf 
         Stamping Win7Debug\netlwf.inf [Version] section with DriverVer=12/28/2013,1.29.7.982
       ClCompile:
         D:\Program Files\Microsoft Visual Studio 12.0\VC\bin\CL.exe /c /IWin7Debug\ /I.. /I. /Zi /nologo /W4 /WX /Od /Oi /Oy- /D _X86_=1 /D i386=1 /D STD_CALL /D DEPRECATE_DDK_FUNCTIONS=1 /D MSC_NOOPT /D _WIN32_WINNT=0x0601 /D WINVER=0x0601 /D WINNT=1 /D NTDDI_VERSION=0x06010000 /D DBG=1 /D NDIS620=1 /D NDIS_WDM=1 /D NDISLWF=1 /GF /Gm- /Zp8 /GS /Gy /fp:precise /Zc:wchar_t- /Zc:forScope- /GR- /Yc"precomp.h" /Fp"Win7Debug\\precomp.h.pch" /Fo"Win7Debug\\" /Fd"Win7Debug\vc120.pdb" /Gz /wd4748 /wd4603 /wd4627 /wd4986 /wd4987 /wd4996 /wd4201 /wd4214 /FI"C:\Program Files\Windows Kits\8.1\Include\Shared\warning.h" /analyze- /errorReport:prompt /kernel -cbstring /d1import_no_registry /d2AllowCompatibleILVersions /d2Zi+ precompsrc.c
         precompsrc.c
         D:\Program Files\Microsoft Visual Studio 12.0\VC\bin\CL.exe /c /IWin7Debug\ /I.. /I. /Zi /nologo /W4 /WX /Od /Oi /Oy- /D _X86_=1 /D i386=1 /D STD_CALL /D DEPRECATE_DDK_FUNCTIONS=1 /D MSC_NOOPT /D _WIN32_WINNT=0x0601 /D WINVER=0x0601 /D WINNT=1 /D NTDDI_VERSION=0x06010000 /D DBG=1 /D NDIS620=1 /D NDIS_WDM=1 /D NDISLWF=1 /GF /Gm- /Zp8 /GS /Gy /fp:precise /Zc:wchar_t- /Zc:forScope- /GR- /Yu"precomp.h" /Fp"Win7Debug\\precomp.h.pch" /Fo"Win7Debug\\" /Fd"Win7Debug\vc120.pdb" /Gz /wd4748 /wd4603 /wd4627 /wd4986 /wd4987 /wd4996 /wd4201 /wd4214 /FI"C:\Program Files\Windows Kits\8.1\Include\Shared\warning.h" /analyze- /errorReport:prompt /kernel -cbstring /d1import_no_registry /d2AllowCompatibleILVersions /d2Zi+ device.c filter.c flt_dbg.c
         device.c
         filter.c
         flt_dbg.c
         Generating Code...
       ResourceCompile:
         C:\Program Files\Windows Kits\8.1\bin\x86\rc.exe /D _X86_=1 /D i386=1 /D STD_CALL /D DEPRECATE_DDK_FUNCTIONS=1 /D MSC_NOOPT /D _WIN32_WINNT=0x0601 /D WINVER=0x0601 /D WINNT=1 /D NTDDI_VERSION=0x06010000 /D DBG=1 /D "SMP_ID=\\\"{47A52D61-9E9E-4FEA-9033-C1434C5F8870}\\\"" /D NDIS620=1 /D NDIS_WDM=1 /D NDISLWF=1 /l"0x0409" /I"C:\Program Files\Windows Kits\8.1\Include\UM" /IWin7Debug\ /I.. /I. /nologo /fo"Win7Debug\filter.res" filter.rc 
       Link:
         D:\Program Files\Microsoft Visual Studio 12.0\VC\bin\link.exe /ERRORREPORT:PROMPT /OUT:"Win7Debug\ndislwf.sys" /VERSION:"6.3" /INCREMENTAL:NO /NOLOGO /WX /SECTION:"INIT,d" "C:\Program Files\Windows Kits\8.1\lib\win7\KM\x86\memcmp.lib" "C:\Program Files\Windows Kits\8.1\lib\win7\KM\x86\BufferOverflowK.lib" "C:\Program Files\Windows Kits\8.1\lib\win7\KM\x86\ntoskrnl.lib" "C:\Program Files\Windows Kits\8.1\lib\win7\KM\x86\hal.lib" "C:\Program Files\Windows Kits\8.1\lib\win7\KM\x86\wmilib.lib" "C:\Program Files\Windows Kits\8.1\lib\win7\KM\x86\ndis.lib" /NODEFAULTLIB /MANIFEST:NO /DEBUG /PDB:"Win7Debug\ndislwf.pdb" /SUBSYSTEM:NATIVE,"6.01" /Driver /OPT:REF /OPT:ICF /ENTRY:"GsDriverEntry@8" /RELEASE /IMPLIB:"Win7Debug\ndislwf.lib" /MERGE:"_TEXT=.text;_PAGE=PAGE" /MACHINE:X86 /PROFILE /kernel /IGNORE:4198,4010,4037,4039,4065,4070,4078,4087,4089,4221 /osversion:6.3 /pdbcompress /debugtype:pdata Win7Debug\filter.res
         Win7Debug\device.obj
         Win7Debug\filter.obj
         Win7Debug\flt_dbg.obj
         Win7Debug\precompsrc.obj
         ndislwf.vcxproj -> D:\Projects\Windows Driver Kit (WDK) 8.1 Samples\NDIS 6.0 Filter Driver\C++\Win7Debug\ndislwf.sys
       DriverTestSign:
         C:\Program Files\Windows Kits\8.1\bin\x86\signtool.exe sign /ph /sha1 "989227BA74F8484EC612BC7018BA06E0A19CBCDC" 
         Done Adding Additional Store
         Successfully signed: D:\Projects\Windows Driver Kit (WDK) 8.1 Samples\NDIS 6.0 Filter Driver\C++\Win7Debug\ndislwf.sys
         
     1>Done Building Project "D:\Projects\Windows Driver Kit (WDK) 8.1 Samples\NDIS 6.0 Filter Driver\C++\ndislwf.vcxproj" (Build target(s)).

Build succeeded.

Time Elapsed 00:00:09.37
